#
# There is insufficient memory for the Java Runtime Environment to continue.
# Native memory allocation (mmap) failed to map 67108864 bytes for G1 virtual space
# Possible reasons:
#   The system is out of physical RAM or swap space
#   The process is running with CompressedOops enabled, and the Java Heap may be blocking the growth of the native heap
# Possible solutions:
#   Reduce memory load on the system
#   Increase physical memory or swap space
#   Check if swap backing store is full
#   Decrease Java heap size (-Xmx/-Xms)
#   Decrease number of Java threads
#   Decrease Java thread stack sizes (-Xss)
#   Set larger code cache with -XX:ReservedCodeCacheSize=
#   JVM is running with Unscaled Compressed Oops mode in which the Java heap is
#     placed in the first 4GB address space. The Java Heap base address is the
#     maximum limit for the native heap growth. Please use -XX:HeapBaseMinAddress
#     to set the Java Heap base and to place the Java Heap above 4GB virtual address.
# This output file may be truncated or incomplete.
#
#  Out of Memory Error (os_windows.cpp:3528), pid=16580, tid=21752
#
# JRE version:  (20.0.2+9) (build )
# Java VM: Java HotSpot(TM) 64-Bit Server VM (20.0.2+9-78, mixed mode, sharing, tiered, compressed oops, compressed class ptrs, g1 gc, windows-amd64)
# No core dump will be written. Minidumps are not enabled by default on client versions of Windows
#

---------------  S U M M A R Y ------------

Command Line: -Xmx64m -Xms64m -Dorg.gradle.appname=gradlew S:\final year project\7th sem\Meshage_v3\Meshagev3\android\\gradle\wrapper\gradle-wrapper.jar app:installDebug -PreactNativeDevServerPort=8081

Host: AMD Ryzen 5 5500U with Radeon Graphics         , 12 cores, 7G,  Windows 11 , 64 bit Build 26100 (10.0.26100.7309)
Time: Tue Dec 23 01:34:56 2025 India Standard Time elapsed time: 1.092852 seconds (0d 0h 0m 1s)

---------------  T H R E A D  ---------------

Current thread (0x000001426a4fd800):  JavaThread "Unknown thread" [_thread_in_vm, id=21752, stack(0x0000000ef6900000,0x0000000ef6a00000)]

Stack: [0x0000000ef6900000,0x0000000ef6a00000]
Native frames: (J=compiled Java code, j=interpreted, Vv=VM code, C=native code)
V  [jvm.dll+0x6bc25a]
V  [jvm.dll+0x84971a]
V  [jvm.dll+0x84b315]
V  [jvm.dll+0x84ba13]
V  [jvm.dll+0x280e4f]
V  [jvm.dll+0x6b8fe9]
V  [jvm.dll+0x6adbca]
V  [jvm.dll+0x35b165]
V  [jvm.dll+0x363386]
V  [jvm.dll+0x3b400e]
V  [jvm.dll+0x3b4295]
V  [jvm.dll+0x32b86a]
V  [jvm.dll+0x32c68b]
V  [jvm.dll+0x8123df]
V  [jvm.dll+0x3c1261]
V  [jvm.dll+0x7fe103]
V  [jvm.dll+0x44ccaf]
V  [jvm.dll+0x44e621]
C  [jli.dll+0x5287]
C  [ucrtbase.dll+0x37b0]
C  [KERNEL32.DLL+0x2e8d7]
C  [ntdll.dll+0x8c53c]


---------------  P R O C E S S  ---------------

Threads class SMR info:
_java_thread_list=0x00007ffb4a88b118, length=0, elements={
}

Java Threads: ( => current thread )

Other Threads:
  0x000001426a9389d0 WorkerThread "GC Thread#0" [stack: 0x0000000ef6a00000,0x0000000ef6b00000] [id=9288]
  0x000001426a93a0e0 ConcurrentGCThread "G1 Main Marker" [stack: 0x0000000ef6b00000,0x0000000ef6c00000] [id=11572]
  0x000001426a93b980 WorkerThread "G1 Conc#0" [stack: 0x0000000ef6c00000,0x0000000ef6d00000] [id=17960]

[error occurred during error reporting (printing all threads), id 0xc0000005, EXCEPTION_ACCESS_VIOLATION (0xc0000005) at pc=0x00007ffb4a06eea7]
VM state: not at safepoint (not fully initialized)

VM Mutex/Monitor currently owned by a thread:  ([mutex/lock_event])
[0x000001426a4fabf0] Heap_lock - owner thread: 0x000001426a4fd800

Heap address: 0x00000000fc000000, size: 64 MB, Compressed Oops mode: 32-bit

CDS archive(s) mapped at: [0x0000000000000000-0x0000000000000000-0x0000000000000000), size 0, SharedBaseAddress: 0x0000000800000000, ArchiveRelocationMode: 1.
Narrow klass base: 0x0000000000000000, Narrow klass shift: 0, Narrow klass range: 0x0

GC Precious Log:
 CardTable entry size: 512
 Card Set container configuration: InlinePtr #cards 5 size 8 Array Of Cards #cards 12 size 40 Howl #buckets 4 coarsen threshold 1843 Howl Bitmap #cards 512 size 80 coarsen threshold 460 Card regions per heap region 1 cards per card region 2048

Heap:
 garbage-first heap   total 0K, used 0K [0x00000000fc000000, 0x0000000100000000)
  region size 1024K, 0 young (0K), 0 survivors (0K)

[error occurred during error reporting (printing heap information), id 0xc0000005, EXCEPTION_ACCESS_VIOLATION (0xc0000005) at pc=0x00007ffb4a4447b9]
GC Heap History (0 events):
No events

Dll operation events (1 events):
Event: 0.011 Loaded shared library C:\Program Files\Java\jdk-20\bin\java.dll

Deoptimization events (0 events):
No events

Classes loaded (0 events):
No events

Classes unloaded (0 events):
No events

Classes redefined (0 events):
No events

Internal exceptions (0 events):
No events

VM Operations (0 events):
No events

Events (0 events):
No events


Dynamic libraries:
0x00007ff7443b0000 - 0x00007ff7443c0000 	C:\Program Files\Java\jdk-20\bin\java.exe
0x00007ffbeb780000 - 0x00007ffbeb9e7000 	C:\WINDOWS\SYSTEM32\ntdll.dll
0x00007ffbe9c80000 - 0x00007ffbe9d49000 	C:\WINDOWS\System32\KERNEL32.DLL
0x00007ffbe8a00000 - 0x00007ffbe8def000 	C:\WINDOWS\System32\KERNELBASE.dll
0x00007ffbe9110000 - 0x00007ffbe925b000 	C:\WINDOWS\System32\ucrtbase.dll
0x00007ffbad6a0000 - 0x00007ffbad6b9000 	C:\Program Files\Java\jdk-20\bin\jli.dll
0x00007ffbb8ad0000 - 0x00007ffbb8aeb000 	C:\Program Files\Java\jdk-20\bin\VCRUNTIME140.dll
0x00007ffbea6f0000 - 0x00007ffbea7a4000 	C:\WINDOWS\System32\ADVAPI32.dll
0x00007ffbea2f0000 - 0x00007ffbea399000 	C:\WINDOWS\System32\msvcrt.dll
0x00007ffbead00000 - 0x00007ffbeada6000 	C:\WINDOWS\System32\sechost.dll
0x00007ffbeadb0000 - 0x00007ffbeaec8000 	C:\WINDOWS\System32\RPCRT4.dll
0x00007ffbeab30000 - 0x00007ffbeacf5000 	C:\WINDOWS\System32\USER32.dll
0x00007ffbd3020000 - 0x00007ffbd32b3000 	C:\WINDOWS\WinSxS\amd64_microsoft.windows.common-controls_6595b64144ccf1df_6.0.26100.7309_none_3e05feeae336a044\COMCTL32.dll
0x00007ffbe8e00000 - 0x00007ffbe8e27000 	C:\WINDOWS\System32\win32u.dll
0x00007ffbeaa00000 - 0x00007ffbeaa2b000 	C:\WINDOWS\System32\GDI32.dll
0x00007ffbe88d0000 - 0x00007ffbe89fc000 	C:\WINDOWS\System32\gdi32full.dll
0x00007ffbe8e30000 - 0x00007ffbe8ed3000 	C:\WINDOWS\System32\msvcp_win.dll
0x00007ffbe1310000 - 0x00007ffbe131b000 	C:\WINDOWS\SYSTEM32\VERSION.dll
0x00007ffbea2a0000 - 0x00007ffbea2d1000 	C:\WINDOWS\System32\IMM32.DLL
0x00007ffbb8d00000 - 0x00007ffbb8d0c000 	C:\Program Files\Java\jdk-20\bin\vcruntime140_1.dll
0x00007ffb87ea0000 - 0x00007ffb87f2e000 	C:\Program Files\Java\jdk-20\bin\msvcp140.dll
0x00007ffb49d30000 - 0x00007ffb4a9c8000 	C:\Program Files\Java\jdk-20\bin\server\jvm.dll
0x00007ffbe12d0000 - 0x00007ffbe1305000 	C:\WINDOWS\SYSTEM32\WINMM.dll
0x00007ffbd1fb0000 - 0x00007ffbd1fba000 	C:\WINDOWS\SYSTEM32\WSOCK32.dll
0x00007ffbea670000 - 0x00007ffbea6e4000 	C:\WINDOWS\System32\WS2_32.dll
0x00007ffbe7680000 - 0x00007ffbe769b000 	C:\WINDOWS\SYSTEM32\kernel.appcore.dll
0x00007ffbb8b90000 - 0x00007ffbb8b9a000 	C:\Program Files\Java\jdk-20\bin\jimage.dll
0x00007ffbdbdf0000 - 0x00007ffbdc032000 	C:\WINDOWS\SYSTEM32\DBGHELP.DLL
0x00007ffbe9f10000 - 0x00007ffbea295000 	C:\WINDOWS\System32\combase.dll
0x00007ffbea7b0000 - 0x00007ffbea886000 	C:\WINDOWS\System32\OLEAUT32.dll
0x00007ffbce470000 - 0x00007ffbce4ac000 	C:\WINDOWS\SYSTEM32\dbgcore.DLL
0x00007ffbe9060000 - 0x00007ffbe9105000 	C:\WINDOWS\System32\bcryptPrimitives.dll
0x00007ffbac700000 - 0x00007ffbac726000 	C:\Program Files\Java\jdk-20\bin\java.dll

dbghelp: loaded successfully - version: 4.0.5 - missing functions: none
symbol engine: initialized successfully - sym options: 0x614 - pdb path: .;C:\Program Files\Java\jdk-20\bin;C:\WINDOWS\SYSTEM32;C:\WINDOWS\WinSxS\amd64_microsoft.windows.common-controls_6595b64144ccf1df_6.0.26100.7309_none_3e05feeae336a044;C:\Program Files\Java\jdk-20\bin\server

VM Arguments:
jvm_args: -Xmx64m -Xms64m -Dorg.gradle.appname=gradlew 
java_command: S:\final year project\7th sem\Meshage_v3\Meshagev3\android\\gradle\wrapper\gradle-wrapper.jar app:installDebug -PreactNativeDevServerPort=8081
java_class_path (initial): S:\final year project\7th sem\Meshage_v3\Meshagev3\android\\gradle\wrapper\gradle-wrapper.jar
Launcher Type: SUN_STANDARD

[Global flags]
     intx CICompilerCount                          = 4                                         {product} {ergonomic}
     uint ConcGCThreads                            = 3                                         {product} {ergonomic}
     uint G1ConcRefinementThreads                  = 10                                        {product} {ergonomic}
   size_t G1HeapRegionSize                         = 1048576                                   {product} {ergonomic}
    uintx GCDrainStackTargetSize                   = 64                                        {product} {ergonomic}
   size_t InitialHeapSize                          = 67108864                                  {product} {command line}
   size_t MarkStackSize                            = 4194304                                   {product} {ergonomic}
   size_t MaxHeapSize                              = 67108864                                  {product} {command line}
   size_t MinHeapDeltaBytes                        = 1048576                                   {product} {ergonomic}
   size_t MinHeapSize                              = 67108864                                  {product} {command line}
    uintx NonNMethodCodeHeapSize                   = 5839372                                {pd product} {ergonomic}
    uintx NonProfiledCodeHeapSize                  = 122909434                              {pd product} {ergonomic}
    uintx ProfiledCodeHeapSize                     = 122909434                              {pd product} {ergonomic}
    uintx ReservedCodeCacheSize                    = 251658240                              {pd product} {ergonomic}
     bool SegmentedCodeCache                       = true                                      {product} {ergonomic}
   size_t SoftMaxHeapSize                          = 67108864                               {manageable} {ergonomic}
     bool UseCompressedClassPointers               = true                           {product lp64_product} {ergonomic}
     bool UseCompressedOops                        = true                           {product lp64_product} {ergonomic}
     bool UseG1GC                                  = true                                      {product} {ergonomic}
     bool UseLargePagesIndividualAllocation        = false                                  {pd product} {ergonomic}

Logging:
Log output configuration:
 #0: stdout all=warning uptime,level,tags foldmultilines=false
 #1: stderr all=off uptime,level,tags foldmultilines=false

Environment Variables:
JAVA_HOME=C:\Program Files\Java\jdk-20
PATH=C:\Program Files\PowerShell\7;C:\Program Files\Java\jdk-20\bin;C:\Program Files\Common Files\Oracle\Java\javapath;C:\WINDOWS\system32;C:\WINDOWS;C:\WINDOWS\System32\Wbem;C:\WINDOWS\System32\WindowsPowerShell\v1.0\;C:\WINDOWS\System32\OpenSSH\;S:\DoWnloadS\Java\bin;C:\Program Files\Java\jdk-19\bin;C:\MinGW\bin;C:\Program Files (x86)\NVIDIA Corporation\PhysX\Common;C:\Program Files\Java\jdk-22\bin;C:\Program Files\Git\cmd;C:\Program Files\Java\jdk-20\bin;C:\Program Files\Android\Android Studio\jbr;C:\Program Files\MySQL\MySQL Server 8.0\bin;C:\WINDOWS\system32;C:\WINDOWS;C:\WINDOWS\System32\Wbem;C:\WINDOWS\System32\WindowsPowerShell\v1.0\;C:\WINDOWS\System32\OpenSSH\;S:\Sourav\GnuWin32\bin;C:\Program Files\nodejs\;C:\Users\SOURAV SHARMA\AppData\Local\Programs\Microsoft VS Code\bin;C:\dart\dart-sdk\bin;C:\android\Sdk\tools;C:\android\Sdk\tools\bin;C:\android\Sdk\platform-tools;C:\android\Sdk\emulator;C:\xampp\php;C:\ProgramData\ComposerSetup\bin;C:\ProgramData\ComposerSetup\bin;C:\Program Files\dotnet\;C:\Program Files\CMake\bin;C:\android\Sdk;C:\Program Files\PowerShell\7\;C:\Program Files\Cloudflare\Cloudflare WARP\;C:\Users\SOURAV SHARMA\AppData\Local\jdk-11.0.2\bin;C:\Users\SOURAV SHARMA\AppData\Local\android\tools;C:\Users\SOURAV SHARMA\AppData\Local\jdk-11.0.2\bin;C:\Users\SOURAV SHARMA\AppData\Local\Programs\Python\Python311\Scripts\;C:\Users\SOURAV SHARMA\AppData\Local\Programs\Python\Python311\;C:\Users\SOURAV SHARMA\AppData\Local\Programs\Eclipse Adoptium\jdk-17.0.6.10-hotspot\bin;S:\DoWnloadS\python\Scripts\;S:\DoWnloadS\python\;C:\Users\SOURAV SHARMA\AppData\Local\Microsoft\WindowsApps;C:\MinGW\bin;S:\Download\fiddler;S:\Download\New folder\Fiddler;C:\kotlinc\bin;C:\Program Files\JetBrains\IntelliJ IDEA 2024.1.3\bin;C:\Program Files\JetBrains\IntelliJ IDEA Community Edition 2024.1.3\bin;S:\GAMES\cricket19\Cricket.22.v0.1.2079-P2P\fiddler;C:\Users\SOURAV SHARMA\AppData\Local\Microsoft\WindowsApps;C:\Program Files\JetBrains\PyCharm Community Edition 2024.3.4\bin;C:\Program Files (x86)\GnuWin32\bin;S:\Sourav\GnuWin32\bin;C:\Users\SOURAV SHARMA\AppData\Roaming\npm;C:\Users\SOURAV SHARMA\AppData\Local\P;C:\Program Files\Java\jdk-20\bin;C:\Users\SOURAV SHARMA\AppData\Local\Programs\Microsoft VS Code\bin;C:\android\Sdk;C:\android\Sdk\platform-tools;C:\android\Sdk\tools\bin;C:\Users\SOURAV SHARMA\AppData\Local\Programs\Windsurf\bin;C:\Users\SOURAV SHARMA\AppData\Local\Programs\Antigravity\bin
USERNAME=SOURAV SHARMA
LANG=en_US.UTF-8
OS=Windows_NT
PROCESSOR_IDENTIFIER=AMD64 Family 23 Model 104 Stepping 1, AuthenticAMD
TMP=C:\Users\SOURAV~1\AppData\Local\Temp
TEMP=C:\Users\SOURAV~1\AppData\Local\Temp




---------------  S Y S T E M  ---------------

OS:
 Windows 11 , 64 bit Build 26100 (10.0.26100.7309)
OS uptime: 0 days 13:14 hours
Hyper-V role detected

CPU: total 12 (initial active 12) (12 cores per cpu, 2 threads per core) family 23 model 104 stepping 1 microcode 0x8608107, cx8, cmov, fxsr, ht, mmx, 3dnowpref, sse, sse2, sse3, ssse3, sse4a, sse4.1, sse4.2, popcnt, lzcnt, tsc, tscinvbit, avx, avx2, aes, clmul, bmi1, bmi2, adx, sha, fma, vzeroupper, clflush, clflushopt, hv, rdtscp, rdpid, f16c

Memory: 4k page, system-wide physical 7501M (533M free)
TotalPageFile size 30029M (AvailPageFile size 45M)
current process WorkingSet (physical memory assigned to process): 12M, peak: 12M
current process commit charge ("private bytes"): 63M, peak: 127M

vm_info: Java HotSpot(TM) 64-Bit Server VM (20.0.2+9-78) for windows-amd64 JRE (20.0.2+9-78), built on 2023-06-14T10:08:48Z by "mach5one" with MS VC++ 17.1 (VS2022)

END.
